[00:05:04] [Server thread/INFO] (Minecraft) [Player442: Gave 1 [Jigsaw Block] to Player442]
[00:05:04] [Render thread/INFO] (Minecraft) [System] [CHAT] Gave 1 [Jigsaw Block] to Player442
[00:05:06] [Server thread/INFO] (Minecraft) Saving and pausing game...
[00:05:06] [Server thread/INFO] (Minecraft) Saving chunks for level 'ServerLevel[New World]'/minecraft:overworld
[00:05:06] [Server thread/INFO] (Minecraft) Saving chunks for level 'ServerLevel[New World]'/minecraft:the_end
[00:05:06] [Server thread/INFO] (Minecraft) Saving chunks for level 'ServerLevel[New World]'/minecraft:the_nether
[00:12:19] [Server thread/INFO] (Minecraft) Saving and pausing game...
[00:12:19] [Server thread/INFO] (Minecraft) Saving chunks for level 'ServerLevel[New World]'/minecraft:overworld
[00:12:19] [Server thread/INFO] (Minecraft) Saving chunks for level 'ServerLevel[New World]'/minecraft:the_end
[00:12:19] [Server thread/INFO] (Minecraft) Saving chunks for level 'ServerLevel[New World]'/minecraft:the_nether
[00:12:20] [Server thread/INFO] (Minecraft) Player442 lost connection: Disconnected
[00:12:20] [Server thread/INFO] (Minecraft) Player442 left the game
[00:12:20] [Server thread/INFO] (Minecraft) Stopping singleplayer server as player logged out
[00:12:20] [Server thread/INFO] (Minecraft) Stopping server
[00:12:20] [Server thread/INFO] (Minecraft) Saving players
[00:12:20] [Server thread/INFO] (Minecraft) Saving worlds
[00:12:20] [Server thread/INFO] (Minecraft) Saving chunks for level 'ServerLevel[New World]'/minecraft:overworld
[00:12:20] [Server thread/INFO] (Minecraft) Saving chunks for level 'ServerLevel[New World]'/minecraft:the_end
[00:12:20] [Server thread/INFO] (Minecraft) Saving chunks for level 'ServerLevel[New World]'/minecraft:the_nether
[00:12:20] [Server thread/INFO] (Minecraft) ThreadedAnvilChunkStorage (New World): All chunks are saved
[00:12:20] [Server thread/INFO] (Minecraft) ThreadedAnvilChunkStorage (DIM1): All chunks are saved
[00:12:20] [Server thread/INFO] (Minecraft) ThreadedAnvilChunkStorage (DIM-1): All chunks are saved
[00:12:20] [Server thread/INFO] (Minecraft) ThreadedAnvilChunkStorage: All dimensions are saved
[00:12:22] [Render thread/INFO] (Minecraft) Stopping!
